<?xml version="1.0" encoding="UTF-8"?>
<coverage generated="1565265890560" clover="3.2.0">
  <project timestamp="1565265890561" name="All files">
    <metrics statements="31" coveredstatements="31" conditionals="13" coveredconditionals="11" methods="12" coveredmethods="12" elements="56" coveredelements="54" complexity="0" loc="31" ncloc="31" packages="1" files="1" classes="1"/>
    <file name="index.js" path="/Users/drakevorndran/code/6sem/JSFEW/mathlib/index.js">
      <metrics statements="31" coveredstatements="31" conditionals="13" coveredconditionals="11" methods="12" coveredmethods="12"/>
      <line num="4" count="1" type="cond" truecount="1" falsecount="0"/>
      <line num="5" count="14" type="stmt"/>
      <line num="8" count="1" type="cond" truecount="1" falsecount="0"/>
      <line num="9" count="10" type="stmt"/>
      <line num="12" count="1" type="cond" truecount="1" falsecount="0"/>
      <line num="13" count="7" type="cond" truecount="2" falsecount="0"/>
      <line num="16" count="1" type="cond" truecount="0" falsecount="2"/>
      <line num="20" count="11" type="stmt"/>
      <line num="21" count="11" type="cond" truecount="2" falsecount="0"/>
      <line num="22" count="2" type="stmt"/>
      <line num="24" count="11" type="cond" truecount="2" falsecount="0"/>
      <line num="25" count="11" type="cond" truecount="2" falsecount="0"/>
      <line num="26" count="11" type="stmt"/>
      <line num="29" count="1" type="stmt"/>
      <line num="30" count="3" type="stmt"/>
      <line num="33" count="1" type="stmt"/>
      <line num="34" count="3" type="stmt"/>
      <line num="37" count="1" type="stmt"/>
      <line num="38" count="7" type="stmt"/>
      <line num="41" count="1" type="stmt"/>
      <line num="42" count="3" type="stmt"/>
      <line num="45" count="1" type="stmt"/>
      <line num="46" count="3" type="stmt"/>
      <line num="49" count="1" type="stmt"/>
      <line num="50" count="3" type="stmt"/>
      <line num="51" count="3" type="stmt"/>
      <line num="54" count="1" type="stmt"/>
      <line num="55" count="1" type="stmt"/>
      <line num="58" count="1" type="stmt"/>
      <line num="59" count="2" type="stmt"/>
      <line num="64" count="1" type="stmt"/>
    </file>
  </project>
</coverage>
