{"/Users/drakevorndran/code/6sem/JSFEW/mathlib/index.js": {"path":"/Users/drakevorndran/code/6sem/JSFEW/mathlib/index.js","statementMap":{"0":{"start":{"line":4,"column":14},"end":{"line":6,"column":1}},"1":{"start":{"line":5,"column":2},"end":{"line":5,"column":113}},"2":{"start":{"line":8,"column":14},"end":{"line":10,"column":1}},"3":{"start":{"line":9,"column":2},"end":{"line":9,"column":91}},"4":{"start":{"line":12,"column":13},"end":{"line":14,"column":1}},"5":{"start":{"line":13,"column":2},"end":{"line":13,"column":121}},"6":{"start":{"line":16,"column":12},"end":{"line":24,"column":1}},"7":{"start":{"line":17,"column":10},"end":{"line":17,"column":32}},"8":{"start":{"line":18,"column":2},"end":{"line":20,"column":3}},"9":{"start":{"line":19,"column":4},"end":{"line":19,"column":15}},"10":{"start":{"line":21,"column":2},"end":{"line":21,"column":80}},"11":{"start":{"line":22,"column":2},"end":{"line":22,"column":78}},"12":{"start":{"line":23,"column":2},"end":{"line":23,"column":20}},"13":{"start":{"line":26,"column":17},"end":{"line":28,"column":1}},"14":{"start":{"line":27,"column":2},"end":{"line":27,"column":28}},"15":{"start":{"line":30,"column":17},"end":{"line":32,"column":1}},"16":{"start":{"line":31,"column":2},"end":{"line":31,"column":28}},"17":{"start":{"line":34,"column":18},"end":{"line":36,"column":1}},"18":{"start":{"line":35,"column":2},"end":{"line":35,"column":41}},"19":{"start":{"line":38,"column":12},"end":{"line":40,"column":1}},"20":{"start":{"line":39,"column":2},"end":{"line":39,"column":31}},"21":{"start":{"line":42,"column":16},"end":{"line":44,"column":1}},"22":{"start":{"line":43,"column":2},"end":{"line":43,"column":25}},"23":{"start":{"line":46,"column":26},"end":{"line":49,"column":1}},"24":{"start":{"line":47,"column":17},"end":{"line":47,"column":31}},"25":{"start":{"line":48,"column":2},"end":{"line":48,"column":52}},"26":{"start":{"line":51,"column":16},"end":{"line":53,"column":1}},"27":{"start":{"line":52,"column":2},"end":{"line":52,"column":75}},"28":{"start":{"line":55,"column":17},"end":{"line":57,"column":1}},"29":{"start":{"line":56,"column":2},"end":{"line":56,"column":25}},"30":{"start":{"line":61,"column":0},"end":{"line":61,"column":127}}},"fnMap":{"0":{"name":"(anonymous_0)","decl":{"start":{"line":4,"column":14},"end":{"line":4,"column":15}},"loc":{"start":{"line":4,"column":34},"end":{"line":6,"column":1}},"line":4},"1":{"name":"(anonymous_1)","decl":{"start":{"line":8,"column":14},"end":{"line":8,"column":15}},"loc":{"start":{"line":8,"column":34},"end":{"line":10,"column":1}},"line":8},"2":{"name":"(anonymous_2)","decl":{"start":{"line":12,"column":13},"end":{"line":12,"column":14}},"loc":{"start":{"line":12,"column":33},"end":{"line":14,"column":1}},"line":12},"3":{"name":"(anonymous_3)","decl":{"start":{"line":16,"column":12},"end":{"line":16,"column":13}},"loc":{"start":{"line":16,"column":44},"end":{"line":24,"column":1}},"line":16},"4":{"name":"(anonymous_4)","decl":{"start":{"line":26,"column":17},"end":{"line":26,"column":18}},"loc":{"start":{"line":26,"column":26},"end":{"line":28,"column":1}},"line":26},"5":{"name":"(anonymous_5)","decl":{"start":{"line":30,"column":17},"end":{"line":30,"column":18}},"loc":{"start":{"line":30,"column":26},"end":{"line":32,"column":1}},"line":30},"6":{"name":"(anonymous_6)","decl":{"start":{"line":34,"column":18},"end":{"line":34,"column":19}},"loc":{"start":{"line":34,"column":27},"end":{"line":36,"column":1}},"line":34},"7":{"name":"(anonymous_7)","decl":{"start":{"line":38,"column":12},"end":{"line":38,"column":13}},"loc":{"start":{"line":38,"column":27},"end":{"line":40,"column":1}},"line":38},"8":{"name":"(anonymous_8)","decl":{"start":{"line":42,"column":16},"end":{"line":42,"column":17}},"loc":{"start":{"line":42,"column":31},"end":{"line":44,"column":1}},"line":42},"9":{"name":"(anonymous_9)","decl":{"start":{"line":46,"column":26},"end":{"line":46,"column":27}},"loc":{"start":{"line":46,"column":55},"end":{"line":49,"column":1}},"line":46},"10":{"name":"(anonymous_10)","decl":{"start":{"line":51,"column":16},"end":{"line":51,"column":17}},"loc":{"start":{"line":51,"column":29},"end":{"line":53,"column":1}},"line":51},"11":{"name":"(anonymous_11)","decl":{"start":{"line":55,"column":17},"end":{"line":55,"column":18}},"loc":{"start":{"line":55,"column":26},"end":{"line":57,"column":1}},"line":55}},"branchMap":{"0":{"loc":{"start":{"line":4,"column":20},"end":{"line":4,"column":29}},"type":"default-arg","locations":[{"start":{"line":4,"column":28},"end":{"line":4,"column":29}}],"line":4},"1":{"loc":{"start":{"line":8,"column":20},"end":{"line":8,"column":29}},"type":"default-arg","locations":[{"start":{"line":8,"column":28},"end":{"line":8,"column":29}}],"line":8},"2":{"loc":{"start":{"line":12,"column":19},"end":{"line":12,"column":28}},"type":"default-arg","locations":[{"start":{"line":12,"column":27},"end":{"line":12,"column":28}}],"line":12},"3":{"loc":{"start":{"line":13,"column":17},"end":{"line":13,"column":82}},"type":"cond-expr","locations":[{"start":{"line":13,"column":35},"end":{"line":13,"column":76}},{"start":{"line":13,"column":79},"end":{"line":13,"column":82}}],"line":13},"4":{"loc":{"start":{"line":16,"column":18},"end":{"line":16,"column":28}},"type":"default-arg","locations":[{"start":{"line":16,"column":27},"end":{"line":16,"column":28}}],"line":16},"5":{"loc":{"start":{"line":16,"column":30},"end":{"line":16,"column":39}},"type":"default-arg","locations":[{"start":{"line":16,"column":38},"end":{"line":16,"column":39}}],"line":16},"6":{"loc":{"start":{"line":18,"column":2},"end":{"line":20,"column":3}},"type":"if","locations":[{"start":{"line":18,"column":2},"end":{"line":20,"column":3}},{"start":{"line":18,"column":2},"end":{"line":20,"column":3}}],"line":18},"7":{"loc":{"start":{"line":21,"column":9},"end":{"line":21,"column":80}},"type":"cond-expr","locations":[{"start":{"line":21,"column":32},"end":{"line":21,"column":73}},{"start":{"line":21,"column":76},"end":{"line":21,"column":80}}],"line":21},"8":{"loc":{"start":{"line":22,"column":9},"end":{"line":22,"column":78}},"type":"cond-expr","locations":[{"start":{"line":22,"column":31},"end":{"line":22,"column":71}},{"start":{"line":22,"column":74},"end":{"line":22,"column":78}}],"line":22}},"s":{"0":1,"1":14,"2":1,"3":10,"4":1,"5":7,"6":1,"7":12,"8":12,"9":2,"10":12,"11":12,"12":12,"13":1,"14":3,"15":1,"16":3,"17":1,"18":7,"19":1,"20":3,"21":1,"22":3,"23":1,"24":3,"25":3,"26":1,"27":1,"28":1,"29":2,"30":1},"f":{"0":14,"1":10,"2":7,"3":12,"4":3,"5":3,"6":7,"7":3,"8":3,"9":3,"10":1,"11":2},"b":{"0":[5],"1":[5],"2":[5],"3":[6,1],"4":[1],"5":[1],"6":[2,10],"7":[2,10],"8":[6,6]},"_coverageSchema":"43e27e138ebf9cfc5966b082cf9a028302ed4184","hash":"4d5fdd61c5bec4f2e5974d476f0f2edd2d320767"}
}
