{"/Users/drakevorndran/code/6sem/JSFEW/mathlib/index.js": {"path":"/Users/drakevorndran/code/6sem/JSFEW/mathlib/index.js","statementMap":{"0":{"start":{"line":4,"column":14},"end":{"line":6,"column":1}},"1":{"start":{"line":5,"column":2},"end":{"line":5,"column":113}},"2":{"start":{"line":8,"column":14},"end":{"line":10,"column":1}},"3":{"start":{"line":9,"column":2},"end":{"line":9,"column":91}},"4":{"start":{"line":12,"column":13},"end":{"line":14,"column":1}},"5":{"start":{"line":13,"column":2},"end":{"line":13,"column":121}},"6":{"start":{"line":16,"column":12},"end":{"line":27,"column":1}},"7":{"start":{"line":20,"column":10},"end":{"line":20,"column":32}},"8":{"start":{"line":21,"column":2},"end":{"line":23,"column":3}},"9":{"start":{"line":22,"column":4},"end":{"line":22,"column":15}},"10":{"start":{"line":24,"column":2},"end":{"line":24,"column":80}},"11":{"start":{"line":25,"column":2},"end":{"line":25,"column":78}},"12":{"start":{"line":26,"column":2},"end":{"line":26,"column":20}},"13":{"start":{"line":29,"column":17},"end":{"line":31,"column":1}},"14":{"start":{"line":30,"column":2},"end":{"line":30,"column":28}},"15":{"start":{"line":33,"column":17},"end":{"line":35,"column":1}},"16":{"start":{"line":34,"column":2},"end":{"line":34,"column":28}},"17":{"start":{"line":37,"column":18},"end":{"line":39,"column":1}},"18":{"start":{"line":38,"column":2},"end":{"line":38,"column":41}},"19":{"start":{"line":41,"column":12},"end":{"line":43,"column":1}},"20":{"start":{"line":42,"column":2},"end":{"line":42,"column":31}},"21":{"start":{"line":45,"column":16},"end":{"line":47,"column":1}},"22":{"start":{"line":46,"column":2},"end":{"line":46,"column":25}},"23":{"start":{"line":49,"column":26},"end":{"line":52,"column":1}},"24":{"start":{"line":50,"column":17},"end":{"line":50,"column":31}},"25":{"start":{"line":51,"column":2},"end":{"line":51,"column":52}},"26":{"start":{"line":54,"column":16},"end":{"line":56,"column":1}},"27":{"start":{"line":55,"column":2},"end":{"line":55,"column":75}},"28":{"start":{"line":58,"column":17},"end":{"line":60,"column":1}},"29":{"start":{"line":59,"column":2},"end":{"line":59,"column":25}},"30":{"start":{"line":64,"column":0},"end":{"line":64,"column":127}}},"fnMap":{"0":{"name":"(anonymous_0)","decl":{"start":{"line":4,"column":14},"end":{"line":4,"column":15}},"loc":{"start":{"line":4,"column":34},"end":{"line":6,"column":1}},"line":4},"1":{"name":"(anonymous_1)","decl":{"start":{"line":8,"column":14},"end":{"line":8,"column":15}},"loc":{"start":{"line":8,"column":34},"end":{"line":10,"column":1}},"line":8},"2":{"name":"(anonymous_2)","decl":{"start":{"line":12,"column":13},"end":{"line":12,"column":14}},"loc":{"start":{"line":12,"column":33},"end":{"line":14,"column":1}},"line":12},"3":{"name":"(anonymous_3)","decl":{"start":{"line":16,"column":12},"end":{"line":16,"column":13}},"loc":{"start":{"line":16,"column":44},"end":{"line":27,"column":1}},"line":16},"4":{"name":"(anonymous_4)","decl":{"start":{"line":29,"column":17},"end":{"line":29,"column":18}},"loc":{"start":{"line":29,"column":26},"end":{"line":31,"column":1}},"line":29},"5":{"name":"(anonymous_5)","decl":{"start":{"line":33,"column":17},"end":{"line":33,"column":18}},"loc":{"start":{"line":33,"column":26},"end":{"line":35,"column":1}},"line":33},"6":{"name":"(anonymous_6)","decl":{"start":{"line":37,"column":18},"end":{"line":37,"column":19}},"loc":{"start":{"line":37,"column":27},"end":{"line":39,"column":1}},"line":37},"7":{"name":"(anonymous_7)","decl":{"start":{"line":41,"column":12},"end":{"line":41,"column":13}},"loc":{"start":{"line":41,"column":27},"end":{"line":43,"column":1}},"line":41},"8":{"name":"(anonymous_8)","decl":{"start":{"line":45,"column":16},"end":{"line":45,"column":17}},"loc":{"start":{"line":45,"column":31},"end":{"line":47,"column":1}},"line":45},"9":{"name":"(anonymous_9)","decl":{"start":{"line":49,"column":26},"end":{"line":49,"column":27}},"loc":{"start":{"line":49,"column":55},"end":{"line":52,"column":1}},"line":49},"10":{"name":"(anonymous_10)","decl":{"start":{"line":54,"column":16},"end":{"line":54,"column":17}},"loc":{"start":{"line":54,"column":29},"end":{"line":56,"column":1}},"line":54},"11":{"name":"(anonymous_11)","decl":{"start":{"line":58,"column":17},"end":{"line":58,"column":18}},"loc":{"start":{"line":58,"column":26},"end":{"line":60,"column":1}},"line":58}},"branchMap":{"0":{"loc":{"start":{"line":4,"column":20},"end":{"line":4,"column":29}},"type":"default-arg","locations":[{"start":{"line":4,"column":28},"end":{"line":4,"column":29}}],"line":4},"1":{"loc":{"start":{"line":8,"column":20},"end":{"line":8,"column":29}},"type":"default-arg","locations":[{"start":{"line":8,"column":28},"end":{"line":8,"column":29}}],"line":8},"2":{"loc":{"start":{"line":12,"column":19},"end":{"line":12,"column":28}},"type":"default-arg","locations":[{"start":{"line":12,"column":27},"end":{"line":12,"column":28}}],"line":12},"3":{"loc":{"start":{"line":13,"column":17},"end":{"line":13,"column":82}},"type":"cond-expr","locations":[{"start":{"line":13,"column":35},"end":{"line":13,"column":76}},{"start":{"line":13,"column":79},"end":{"line":13,"column":82}}],"line":13},"4":{"loc":{"start":{"line":16,"column":18},"end":{"line":16,"column":28}},"type":"default-arg","locations":[{"start":{"line":16,"column":27},"end":{"line":16,"column":28}}],"line":16},"5":{"loc":{"start":{"line":16,"column":30},"end":{"line":16,"column":39}},"type":"default-arg","locations":[{"start":{"line":16,"column":38},"end":{"line":16,"column":39}}],"line":16},"6":{"loc":{"start":{"line":21,"column":2},"end":{"line":23,"column":3}},"type":"if","locations":[{"start":{"line":21,"column":2},"end":{"line":23,"column":3}},{"start":{"line":21,"column":2},"end":{"line":23,"column":3}}],"line":21},"7":{"loc":{"start":{"line":24,"column":9},"end":{"line":24,"column":80}},"type":"cond-expr","locations":[{"start":{"line":24,"column":32},"end":{"line":24,"column":73}},{"start":{"line":24,"column":76},"end":{"line":24,"column":80}}],"line":24},"8":{"loc":{"start":{"line":25,"column":9},"end":{"line":25,"column":78}},"type":"cond-expr","locations":[{"start":{"line":25,"column":31},"end":{"line":25,"column":71}},{"start":{"line":25,"column":74},"end":{"line":25,"column":78}}],"line":25}},"s":{"0":1,"1":14,"2":1,"3":10,"4":1,"5":7,"6":1,"7":11,"8":11,"9":2,"10":11,"11":11,"12":11,"13":1,"14":3,"15":1,"16":3,"17":1,"18":7,"19":1,"20":3,"21":1,"22":3,"23":1,"24":3,"25":3,"26":1,"27":1,"28":1,"29":2,"30":1},"f":{"0":14,"1":10,"2":7,"3":11,"4":3,"5":3,"6":7,"7":3,"8":3,"9":3,"10":1,"11":2},"b":{"0":[5],"1":[5],"2":[5],"3":[6,1],"4":[0],"5":[0],"6":[2,9],"7":[2,9],"8":[6,5]},"_coverageSchema":"43e27e138ebf9cfc5966b082cf9a028302ed4184","hash":"f9ab8e899dcb209604b4ee1ada4b440c9f7d84c8"}
}
