TN:
SF:/Users/drakevorndran/code/6sem/JSFEW/mathlib/src/index.js
FN:4,(anonymous_0)
FN:8,(anonymous_1)
FN:12,(anonymous_2)
FN:16,(anonymous_3)
FN:26,(anonymous_4)
FN:30,(anonymous_5)
FN:34,(anonymous_6)
FN:38,(anonymous_7)
FN:42,(anonymous_8)
FN:46,(anonymous_9)
FN:51,(anonymous_10)
FN:55,(anonymous_11)
FNF:12
FNH:12
FNDA:14,(anonymous_0)
FNDA:10,(anonymous_1)
FNDA:7,(anonymous_2)
FNDA:12,(anonymous_3)
FNDA:3,(anonymous_4)
FNDA:3,(anonymous_5)
FNDA:7,(anonymous_6)
FNDA:3,(anonymous_7)
FNDA:3,(anonymous_8)
FNDA:3,(anonymous_9)
FNDA:1,(anonymous_10)
FNDA:2,(anonymous_11)
DA:4,1
DA:5,14
DA:8,1
DA:9,10
DA:12,1
DA:13,7
DA:16,1
DA:17,12
DA:18,12
DA:19,2
DA:21,12
DA:22,12
DA:23,12
DA:26,1
DA:27,3
DA:30,1
DA:31,3
DA:34,1
DA:35,7
DA:38,1
DA:39,3
DA:42,1
DA:43,3
DA:46,1
DA:47,3
DA:48,3
DA:51,1
DA:52,1
DA:55,1
DA:56,2
DA:61,1
LF:31
LH:31
BRDA:4,0,0,5
BRDA:8,1,0,5
BRDA:12,2,0,5
BRDA:13,3,0,6
BRDA:13,3,1,1
BRDA:16,4,0,1
BRDA:16,5,0,1
BRDA:18,6,0,2
BRDA:18,6,1,10
BRDA:21,7,0,2
BRDA:21,7,1,10
BRDA:22,8,0,6
BRDA:22,8,1,6
BRF:13
BRH:13
end_of_record
