TN:
SF:/Users/drakevorndran/code/6sem/JSFEW/mathlib/index.js
FN:4,(anonymous_0)
FN:8,(anonymous_1)
FN:12,(anonymous_2)
FN:16,(anonymous_3)
FN:29,(anonymous_4)
FN:33,(anonymous_5)
FN:37,(anonymous_6)
FN:41,(anonymous_7)
FN:45,(anonymous_8)
FN:49,(anonymous_9)
FN:54,(anonymous_10)
FN:58,(anonymous_11)
FNF:12
FNH:12
FNDA:14,(anonymous_0)
FNDA:10,(anonymous_1)
FNDA:7,(anonymous_2)
FNDA:11,(anonymous_3)
FNDA:3,(anonymous_4)
FNDA:3,(anonymous_5)
FNDA:7,(anonymous_6)
FNDA:3,(anonymous_7)
FNDA:3,(anonymous_8)
FNDA:3,(anonymous_9)
FNDA:1,(anonymous_10)
FNDA:2,(anonymous_11)
DA:4,1
DA:5,14
DA:8,1
DA:9,10
DA:12,1
DA:13,7
DA:16,1
DA:20,11
DA:21,11
DA:22,2
DA:24,11
DA:25,11
DA:26,11
DA:29,1
DA:30,3
DA:33,1
DA:34,3
DA:37,1
DA:38,7
DA:41,1
DA:42,3
DA:45,1
DA:46,3
DA:49,1
DA:50,3
DA:51,3
DA:54,1
DA:55,1
DA:58,1
DA:59,2
DA:64,1
LF:31
LH:31
BRDA:4,0,0,5
BRDA:8,1,0,5
BRDA:12,2,0,5
BRDA:13,3,0,6
BRDA:13,3,1,1
BRDA:16,4,0,0
BRDA:16,5,0,0
BRDA:21,6,0,2
BRDA:21,6,1,9
BRDA:24,7,0,2
BRDA:24,7,1,9
BRDA:25,8,0,6
BRDA:25,8,1,5
BRF:13
BRH:11
end_of_record
